# JRE version: OpenJDK Runtime Environment Temurin-21.0.7+6 (21.0.7+6) (build 21.0.7+6-LTS)
# Java VM: OpenJDK 64-Bit Server VM Temurin-21.0.7+6 (21.0.7+6-LTS, mixed mode, sharing, tiered, compressed oops, compressed class ptrs, parallel gc, windows-amd64)
GC Precious Log:
 CardTable entry size: 512
 CPUs: 12 total, 12 available
 Memory: 16087M
 Large Page Support: Disabled
 NUMA Support: Disabled
 Compressed Oops: Enabled (32-bit)
 Alignments: Space 512K, Generation 512K, Heap 2M
 Heap Min Capacity: 100M
 Heap Initial Capacity: 100M
 Heap Max Capacity: 1G
 Pre-touch: Disabled
 Parallel Workers: 10
Heap:
 PSYoungGen      total 15872K, used 12126K [0x00000000eab00000, 0x00000000ec000000, 0x0000000100000000)
  eden space 12800K, 72% used [0x00000000eab00000,0x00000000eb402470,0x00000000eb780000)
  from space 3072K, 94% used [0x00000000eb780000,0x00000000eba55778,0x00000000eba80000)
  to   space 3072K, 0% used [0x00000000ebd00000,0x00000000ebd00000,0x00000000ec000000)
 ParOldGen       total 146944K, used 146739K [0x00000000c0000000, 0x00000000c8f80000, 0x00000000eab00000)
  object space 146944K, 99% used [0x00000000c0000000,0x00000000c8f4ccb8,0x00000000c8f80000)
 Metaspace       used 56302K, committed 57536K, reserved 1114112K
  class space    used 5882K, committed 6400K, reserved 1048576K
GC Heap History (20 events):
Event: 11.997 GC heap after
{Heap after GC invocations=55 (full 2):
 PSYoungGen      total 17920K, used 3071K [0x00000000eab00000, 0x00000000ec280000, 0x0000000100000000)
  eden space 14848K, 0% used [0x00000000eab00000,0x00000000eab00000,0x00000000eb980000)
  from space 3072K, 99% used [0x00000000eb980000,0x00000000ebc7fda8,0x00000000ebc80000)
  to   space 4608K, 0% used [0x00000000ebe00000,0x00000000ebe00000,0x00000000ec280000)
 ParOldGen       total 117760K, used 117390K [0x00000000c0000000, 0x00000000c7300000, 0x00000000eab00000)
  object space 117760K, 99% used [0x00000000c0000000,0x00000000c72a38b8,0x00000000c7300000)
 Metaspace       used 54996K, committed 56320K, reserved 1114112K
  class space    used 5770K, committed 6336K, reserved 1048576K
}
Event: 12.059 GC heap before
{Heap before GC invocations=56 (full 2):
 PSYoungGen      total 17920K, used 17919K [0x00000000eab00000, 0x00000000ec280000, 0x0000000100000000)
  eden space 14848K, 100% used [0x00000000eab00000,0x00000000eb980000,0x00000000eb980000)
  from space 3072K, 99% used [0x00000000eb980000,0x00000000ebc7fda8,0x00000000ebc80000)
  to   space 4608K, 0% used [0x00000000ebe00000,0x00000000ebe00000,0x00000000ec280000)
 ParOldGen       total 117760K, used 117390K [0x00000000c0000000, 0x00000000c7300000, 0x00000000eab00000)
  object space 117760K, 99% used [0x00000000c0000000,0x00000000c72a38b8,0x00000000c7300000)
 Metaspace       used 55225K, committed 56512K, reserved 1114112K
  class space    used 5788K, committed 6336K, reserved 1048576K
}
Event: 12.062 GC heap after
{Heap after GC invocations=56 (full 2):
 PSYoungGen      total 18432K, used 3226K [0x00000000eab00000, 0x00000000ec180000, 0x0000000100000000)
  eden space 14848K, 0% used [0x00000000eab00000,0x00000000eab00000,0x00000000eb980000)
  from space 3584K, 90% used [0x00000000ebe00000,0x00000000ec126a60,0x00000000ec180000)
  to   space 3584K, 0% used [0x00000000eba80000,0x00000000eba80000,0x00000000ebe00000)
 ParOldGen       total 120832K, used 120320K [0x00000000c0000000, 0x00000000c7600000, 0x00000000eab00000)
  object space 120832K, 99% used [0x00000000c0000000,0x00000000c7580130,0x00000000c7600000)
 Metaspace       used 55225K, committed 56512K, reserved 1114112K
  class space    used 5788K, committed 6336K, reserved 1048576K
}
Event: 12.106 GC heap before
{Heap before GC invocations=57 (full 2):
 PSYoungGen      total 18432K, used 18074K [0x00000000eab00000, 0x00000000ec180000, 0x0000000100000000)
  eden space 14848K, 100% used [0x00000000eab00000,0x00000000eb980000,0x00000000eb980000)
  from space 3584K, 90% used [0x00000000ebe00000,0x00000000ec126a60,0x00000000ec180000)
  to   space 3584K, 0% used [0x00000000eba80000,0x00000000eba80000,0x00000000ebe00000)
 ParOldGen       total 120832K, used 120320K [0x00000000c0000000, 0x00000000c7600000, 0x00000000eab00000)
  object space 120832K, 99% used [0x00000000c0000000,0x00000000c7580130,0x00000000c7600000)
 Metaspace       used 55245K, committed 56512K, reserved 1114112K
  class space    used 5788K, committed 6336K, reserved 1048576K
}
Event: 12.109 GC heap after
{Heap after GC invocations=57 (full 2):
 PSYoungGen      total 18432K, used 3078K [0x00000000eab00000, 0x00000000ec080000, 0x0000000100000000)
  eden space 14848K, 0% used [0x00000000eab00000,0x00000000eab00000,0x00000000eb980000)
  from space 3584K, 85% used [0x00000000eba80000,0x00000000ebd81a68,0x00000000ebe00000)
  to   space 2560K, 0% used [0x00000000ebe00000,0x00000000ebe00000,0x00000000ec080000)
 ParOldGen       total 123392K, used 123282K [0x00000000c0000000, 0x00000000c7880000, 0x00000000eab00000)
  object space 123392K, 99% used [0x00000000c0000000,0x00000000c7864bd0,0x00000000c7880000)
 Metaspace       used 55245K, committed 56512K, reserved 1114112K
  class space    used 5788K, committed 6336K, reserved 1048576K
}
Event: 12.146 GC heap before
{Heap before GC invocations=58 (full 2):
 PSYoungGen      total 18432K, used 17926K [0x00000000eab00000, 0x00000000ec080000, 0x0000000100000000)
  eden space 14848K, 100% used [0x00000000eab00000,0x00000000eb980000,0x00000000eb980000)
  from space 3584K, 85% used [0x00000000eba80000,0x00000000ebd81a68,0x00000000ebe00000)
  to   space 2560K, 0% used [0x00000000ebe00000,0x00000000ebe00000,0x00000000ec080000)
 ParOldGen       total 123392K, used 123282K [0x00000000c0000000, 0x00000000c7880000, 0x00000000eab00000)
  object space 123392K, 99% used [0x00000000c0000000,0x00000000c7864bd0,0x00000000c7880000)
 Metaspace       used 55250K, committed 56512K, reserved 1114112K
  class space    used 5788K, committed 6336K, reserved 1048576K
}
Event: 12.149 GC heap after
{Heap after GC invocations=58 (full 2):
 PSYoungGen      total 15360K, used 2548K [0x00000000eab00000, 0x00000000ec680000, 0x0000000100000000)
  eden space 12800K, 0% used [0x00000000eab00000,0x00000000eab00000,0x00000000eb780000)
  from space 2560K, 99% used [0x00000000ebe00000,0x00000000ec07d200,0x00000000ec080000)
  to   space 6656K, 0% used [0x00000000eb780000,0x00000000eb780000,0x00000000ebe00000)
 ParOldGen       total 126976K, used 126756K [0x00000000c0000000, 0x00000000c7c00000, 0x00000000eab00000)
  object space 126976K, 99% used [0x00000000c0000000,0x00000000c7bc92f0,0x00000000c7c00000)
 Metaspace       used 55250K, committed 56512K, reserved 1114112K
  class space    used 5788K, committed 6336K, reserved 1048576K
}
Event: 12.175 GC heap before
{Heap before GC invocations=59 (full 2):
 PSYoungGen      total 15360K, used 15348K [0x00000000eab00000, 0x00000000ec680000, 0x0000000100000000)
  eden space 12800K, 100% used [0x00000000eab00000,0x00000000eb780000,0x00000000eb780000)
  from space 2560K, 99% used [0x00000000ebe00000,0x00000000ec07d200,0x00000000ec080000)
  to   space 6656K, 0% used [0x00000000eb780000,0x00000000eb780000,0x00000000ebe00000)
 ParOldGen       total 126976K, used 126756K [0x00000000c0000000, 0x00000000c7c00000, 0x00000000eab00000)
  object space 126976K, 99% used [0x00000000c0000000,0x00000000c7bc92f0,0x00000000c7c00000)
 Metaspace       used 55298K, committed 56576K, reserved 1114112K
  class space    used 5792K, committed 6336K, reserved 1048576K
}
Event: 12.177 GC heap after
{Heap after GC invocations=59 (full 2):
 PSYoungGen      total 16896K, used 3779K [0x00000000eab00000, 0x00000000ec080000, 0x0000000100000000)
  eden space 12800K, 0% used [0x00000000eab00000,0x00000000eab00000,0x00000000eb780000)
  from space 4096K, 92% used [0x00000000eb780000,0x00000000ebb30db0,0x00000000ebb80000)
  to   space 4608K, 0% used [0x00000000ebc00000,0x00000000ebc00000,0x00000000ec080000)
 ParOldGen       total 129536K, used 129155K [0x00000000c0000000, 0x00000000c7e80000, 0x00000000eab00000)
  object space 129536K, 99% used [0x00000000c0000000,0x00000000c7e20c90,0x00000000c7e80000)
 Metaspace       used 55298K, committed 56576K, reserved 1114112K
  class space    used 5792K, committed 6336K, reserved 1048576K
}
Event: 12.202 GC heap before
{Heap before GC invocations=60 (full 2):
 PSYoungGen      total 16896K, used 16579K [0x00000000eab00000, 0x00000000ec080000, 0x0000000100000000)
  eden space 12800K, 100% used [0x00000000eab00000,0x00000000eb780000,0x00000000eb780000)
  from space 4096K, 92% used [0x00000000eb780000,0x00000000ebb30db0,0x00000000ebb80000)
  to   space 4608K, 0% used [0x00000000ebc00000,0x00000000ebc00000,0x00000000ec080000)
 ParOldGen       total 129536K, used 129155K [0x00000000c0000000, 0x00000000c7e80000, 0x00000000eab00000)
  object space 129536K, 99% used [0x00000000c0000000,0x00000000c7e20c90,0x00000000c7e80000)
 Metaspace       used 55532K, committed 56768K, reserved 1114112K
  class space    used 5803K, committed 6336K, reserved 1048576K
}
Event: 12.205 GC heap after
{Heap after GC invocations=60 (full 2):
 PSYoungGen      total 16384K, used 3506K [0x00000000eab00000, 0x00000000ebf80000, 0x0000000100000000)
  eden space 12800K, 0% used [0x00000000eab00000,0x00000000eab00000,0x00000000eb780000)
  from space 3584K, 97% used [0x00000000ebc00000,0x00000000ebf6c9e8,0x00000000ebf80000)
  to   space 4096K, 0% used [0x00000000eb780000,0x00000000eb780000,0x00000000ebb80000)
 ParOldGen       total 133120K, used 132687K [0x00000000c0000000, 0x00000000c8200000, 0x00000000eab00000)
  object space 133120K, 99% used [0x00000000c0000000,0x00000000c8193cc8,0x00000000c8200000)
 Metaspace       used 55532K, committed 56768K, reserved 1114112K
  class space    used 5803K, committed 6336K, reserved 1048576K
}
Event: 12.233 GC heap before
{Heap before GC invocations=61 (full 2):
 PSYoungGen      total 16384K, used 16306K [0x00000000eab00000, 0x00000000ebf80000, 0x0000000100000000)
  eden space 12800K, 100% used [0x00000000eab00000,0x00000000eb780000,0x00000000eb780000)
  from space 3584K, 97% used [0x00000000ebc00000,0x00000000ebf6c9e8,0x00000000ebf80000)
  to   space 4096K, 0% used [0x00000000eb780000,0x00000000eb780000,0x00000000ebb80000)
 ParOldGen       total 133120K, used 132687K [0x00000000c0000000, 0x00000000c8200000, 0x00000000eab00000)
  object space 133120K, 99% used [0x00000000c0000000,0x00000000c8193cc8,0x00000000c8200000)
 Metaspace       used 55756K, committed 57024K, reserved 1114112K
  class space    used 5815K, committed 6336K, reserved 1048576K
}
Event: 12.236 GC heap after
{Heap after GC invocations=61 (full 2):
 PSYoungGen      total 15872K, used 3010K [0x00000000eab00000, 0x00000000ebe80000, 0x0000000100000000)
  eden space 12800K, 0% used [0x00000000eab00000,0x00000000eab00000,0x00000000eb780000)
  from space 3072K, 97% used [0x00000000eb780000,0x00000000eba70898,0x00000000eba80000)
  to   space 3584K, 0% used [0x00000000ebb00000,0x00000000ebb00000,0x00000000ebe80000)
 ParOldGen       total 136192K, used 135991K [0x00000000c0000000, 0x00000000c8500000, 0x00000000eab00000)
  object space 136192K, 99% used [0x00000000c0000000,0x00000000c84cdfb8,0x00000000c8500000)
 Metaspace       used 55756K, committed 57024K, reserved 1114112K
  class space    used 5815K, committed 6336K, reserved 1048576K
}
Event: 12.265 GC heap before
{Heap before GC invocations=62 (full 2):
 PSYoungGen      total 15872K, used 15810K [0x00000000eab00000, 0x00000000ebe80000, 0x0000000100000000)
  eden space 12800K, 100% used [0x00000000eab00000,0x00000000eb780000,0x00000000eb780000)
  from space 3072K, 97% used [0x00000000eb780000,0x00000000eba70898,0x00000000eba80000)
  to   space 3584K, 0% used [0x00000000ebb00000,0x00000000ebb00000,0x00000000ebe80000)
 ParOldGen       total 136192K, used 135991K [0x00000000c0000000, 0x00000000c8500000, 0x00000000eab00000)
  object space 136192K, 99% used [0x00000000c0000000,0x00000000c84cdfb8,0x00000000c8500000)
 Metaspace       used 55845K, committed 57088K, reserved 1114112K
  class space    used 5820K, committed 6336K, reserved 1048576K
}
Event: 12.268 GC heap after
{Heap after GC invocations=62 (full 2):
 PSYoungGen      total 15872K, used 3016K [0x00000000eab00000, 0x00000000ebe00000, 0x0000000100000000)
  eden space 12800K, 0% used [0x00000000eab00000,0x00000000eab00000,0x00000000eb780000)
  from space 3072K, 98% used [0x00000000ebb00000,0x00000000ebdf22b0,0x00000000ebe00000)
  to   space 3072K, 0% used [0x00000000eb780000,0x00000000eb780000,0x00000000eba80000)
 ParOldGen       total 138752K, used 138624K [0x00000000c0000000, 0x00000000c8780000, 0x00000000eab00000)
  object space 138752K, 99% used [0x00000000c0000000,0x00000000c8760208,0x00000000c8780000)
 Metaspace       used 55845K, committed 57088K, reserved 1114112K
  class space    used 5820K, committed 6336K, reserved 1048576K
}
Event: 12.299 GC heap before
{Heap before GC invocations=63 (full 2):
 PSYoungGen      total 15872K, used 15816K [0x00000000eab00000, 0x00000000ebe00000, 0x0000000100000000)
  eden space 12800K, 100% used [0x00000000eab00000,0x00000000eb780000,0x00000000eb780000)
  from space 3072K, 98% used [0x00000000ebb00000,0x00000000ebdf22b0,0x00000000ebe00000)
  to   space 3072K, 0% used [0x00000000eb780000,0x00000000eb780000,0x00000000eba80000)
 ParOldGen       total 138752K, used 138624K [0x00000000c0000000, 0x00000000c8780000, 0x00000000eab00000)
  object space 138752K, 99% used [0x00000000c0000000,0x00000000c8760208,0x00000000c8780000)
 Metaspace       used 55953K, committed 57216K, reserved 1114112K
  class space    used 5832K, committed 6336K, reserved 1048576K
}
Event: 12.301 GC heap after
{Heap after GC invocations=63 (full 2):
 PSYoungGen      total 15872K, used 2795K [0x00000000eab00000, 0x00000000ebd80000, 0x0000000100000000)
  eden space 12800K, 0% used [0x00000000eab00000,0x00000000eab00000,0x00000000eb780000)
  from space 3072K, 91% used [0x00000000eb780000,0x00000000eba3af88,0x00000000eba80000)
  to   space 3072K, 0% used [0x00000000eba80000,0x00000000eba80000,0x00000000ebd80000)
 ParOldGen       total 141824K, used 141377K [0x00000000c0000000, 0x00000000c8a80000, 0x00000000eab00000)
  object space 141824K, 99% used [0x00000000c0000000,0x00000000c8a10630,0x00000000c8a80000)
 Metaspace       used 55953K, committed 57216K, reserved 1114112K
  class space    used 5832K, committed 6336K, reserved 1048576K
}
Event: 12.326 GC heap before
{Heap before GC invocations=64 (full 2):
 PSYoungGen      total 15872K, used 15595K [0x00000000eab00000, 0x00000000ebd80000, 0x0000000100000000)
  eden space 12800K, 100% used [0x00000000eab00000,0x00000000eb780000,0x00000000eb780000)
  from space 3072K, 91% used [0x00000000eb780000,0x00000000eba3af88,0x00000000eba80000)
  to   space 3072K, 0% used [0x00000000eba80000,0x00000000eba80000,0x00000000ebd80000)
 ParOldGen       total 141824K, used 141377K [0x00000000c0000000, 0x00000000c8a80000, 0x00000000eab00000)
  object space 141824K, 99% used [0x00000000c0000000,0x00000000c8a10630,0x00000000c8a80000)
 Metaspace       used 55992K, committed 57216K, reserved 1114112K
  class space    used 5839K, committed 6336K, reserved 1048576K
}
Event: 12.328 GC heap after
{Heap after GC invocations=64 (full 2):
 PSYoungGen      total 15872K, used 2887K [0x00000000eab00000, 0x00000000ebd80000, 0x0000000100000000)
  eden space 12800K, 0% used [0x00000000eab00000,0x00000000eab00000,0x00000000eb780000)
  from space 3072K, 93% used [0x00000000eba80000,0x00000000ebd51d48,0x00000000ebd80000)
  to   space 3072K, 0% used [0x00000000eb780000,0x00000000eb780000,0x00000000eba80000)
 ParOldGen       total 144384K, used 143968K [0x00000000c0000000, 0x00000000c8d00000, 0x00000000eab00000)
  object space 144384K, 99% used [0x00000000c0000000,0x00000000c8c982b0,0x00000000c8d00000)
 Metaspace       used 55992K, committed 57216K, reserved 1114112K
  class space    used 5839K, committed 6336K, reserved 1048576K
}
Event: 12.358 GC heap before
{Heap before GC invocations=65 (full 2):
 PSYoungGen      total 15872K, used 15687K [0x00000000eab00000, 0x00000000ebd80000, 0x0000000100000000)
  eden space 12800K, 100% used [0x00000000eab00000,0x00000000eb780000,0x00000000eb780000)
  from space 3072K, 93% used [0x00000000eba80000,0x00000000ebd51d48,0x00000000ebd80000)
  to   space 3072K, 0% used [0x00000000eb780000,0x00000000eb780000,0x00000000eba80000)
 ParOldGen       total 144384K, used 143968K [0x00000000c0000000, 0x00000000c8d00000, 0x00000000eab00000)
  object space 144384K, 99% used [0x00000000c0000000,0x00000000c8c982b0,0x00000000c8d00000)
 Metaspace       used 56130K, committed 57408K, reserved 1114112K
  class space    used 5859K, committed 6400K, reserved 1048576K
}

